<?xml version="1.0" encoding="utf-8"?>
<coverage line-rate="1" branch-rate="0.5625" version="1.9" timestamp="1763678124" lines-covered="27" lines-valid="27" branches-covered="9" branches-valid="16">
  <sources>
    <source>C:\Users\zixin\OneDrive\Documents\GitHub\repos\Rowdy-Battery-web\src\Rowdy-Battery.Domain\</source>
  </sources>
  <packages>
    <package name="Rowdy-Battery.Domain" line-rate="1" branch-rate="0.5625" complexity="24">
      <classes>
        <class name="Rowdy_Battery.Domain.Item" filename="Item.cs" line-rate="1" branch-rate="0.5" complexity="13">
          <methods>
            <method name="get_Name" signature="()" line-rate="1" branch-rate="1" complexity="1">
              <lines>
                <line number="8" hits="1" branch="False" />
              </lines>
            </method>
            <method name="get_Description" signature="()" line-rate="1" branch-rate="1" complexity="1">
              <lines>
                <line number="9" hits="1" branch="False" />
              </lines>
            </method>
            <method name="get_Brand" signature="()" line-rate="1" branch-rate="1" complexity="1">
              <lines>
                <line number="10" hits="1" branch="False" />
              </lines>
            </method>
            <method name="get_Price" signature="()" line-rate="1" branch-rate="1" complexity="1">
              <lines>
                <line number="11" hits="1" branch="False" />
              </lines>
            </method>
            <method name="get_Ratings" signature="()" line-rate="1" branch-rate="1" complexity="1">
              <lines>
                <line number="13" hits="4" branch="False" />
              </lines>
            </method>
            <method name="AddRating" signature="(Rowdy_Battery.Domain.Rating)" line-rate="1" branch-rate="0.5" complexity="2">
              <lines>
                <line number="24" hits="1" branch="False" />
                <line number="25" hits="1" branch="True" condition-coverage="50% (1/2)">
                  <conditions>
                    <condition number="7" type="jump" coverage="50%" />
                  </conditions>
                </line>
                <line number="26" hits="1" branch="False" />
                <line number="27" hits="1" branch="False" />
              </lines>
            </method>
            <method name=".ctor" signature="(System.String,System.String,System.String,System.Decimal)" line-rate="1" branch-rate="0.5" complexity="6">
              <lines>
                <line number="15" hits="2" branch="False" />
                <line number="16" hits="2" branch="False" />
                <line number="17" hits="2" branch="True" condition-coverage="50% (1/2)">
                  <conditions>
                    <condition number="22" type="jump" coverage="50%" />
                  </conditions>
                </line>
                <line number="18" hits="2" branch="True" condition-coverage="50% (1/2)">
                  <conditions>
                    <condition number="44" type="jump" coverage="50%" />
                  </conditions>
                </line>
                <line number="19" hits="2" branch="True" condition-coverage="50% (1/2)">
                  <conditions>
                    <condition number="60" type="jump" coverage="50%" />
                  </conditions>
                </line>
                <line number="20" hits="2" branch="False" />
                <line number="21" hits="2" branch="False" />
              </lines>
            </method>
          </methods>
          <lines>
            <line number="8" hits="1" branch="False" />
            <line number="9" hits="1" branch="False" />
            <line number="10" hits="1" branch="False" />
            <line number="11" hits="1" branch="False" />
            <line number="13" hits="4" branch="False" />
            <line number="24" hits="1" branch="False" />
            <line number="25" hits="1" branch="True" condition-coverage="50% (1/2)">
              <conditions>
                <condition number="7" type="jump" coverage="50%" />
              </conditions>
            </line>
            <line number="26" hits="1" branch="False" />
            <line number="27" hits="1" branch="False" />
            <line number="15" hits="2" branch="False" />
            <line number="16" hits="2" branch="False" />
            <line number="17" hits="2" branch="True" condition-coverage="50% (1/2)">
              <conditions>
                <condition number="22" type="jump" coverage="50%" />
              </conditions>
            </line>
            <line number="18" hits="2" branch="True" condition-coverage="50% (1/2)">
              <conditions>
                <condition number="44" type="jump" coverage="50%" />
              </conditions>
            </line>
            <line number="19" hits="2" branch="True" condition-coverage="50% (1/2)">
              <conditions>
                <condition number="60" type="jump" coverage="50%" />
              </conditions>
            </line>
            <line number="20" hits="2" branch="False" />
            <line number="21" hits="2" branch="False" />
          </lines>
        </class>
        <class name="Rowdy_Battery.Domain.Rating" filename="Rating.cs" line-rate="1" branch-rate="0.625" complexity="11">
          <methods>
            <method name="get_Stars" signature="()" line-rate="1" branch-rate="1" complexity="1">
              <lines>
                <line number="7" hits="1" branch="False" />
              </lines>
            </method>
            <method name="get_UserName" signature="()" line-rate="1" branch-rate="1" complexity="1">
              <lines>
                <line number="8" hits="1" branch="False" />
              </lines>
            </method>
            <method name="get_Review" signature="()" line-rate="1" branch-rate="1" complexity="1">
              <lines>
                <line number="9" hits="1" branch="False" />
              </lines>
            </method>
            <method name=".ctor" signature="(System.Int32,System.String,System.String)" line-rate="1" branch-rate="0.625" complexity="8">
              <lines>
                <line number="11" hits="3" branch="False" />
                <line number="12" hits="3" branch="False" />
                <line number="13" hits="3" branch="True" condition-coverage="75% (3/4)">
                  <conditions>
                    <condition number="10" type="jump" coverage="50%" />
                    <condition number="21" type="jump" coverage="100%" />
                  </conditions>
                </line>
                <line number="14" hits="1" branch="False" />
                <line number="16" hits="2" branch="False" />
                <line number="17" hits="2" branch="True" condition-coverage="50% (1/2)">
                  <conditions>
                    <condition number="49" type="jump" coverage="50%" />
                  </conditions>
                </line>
                <line number="18" hits="2" branch="True" condition-coverage="50% (1/2)">
                  <conditions>
                    <condition number="71" type="jump" coverage="50%" />
                  </conditions>
                </line>
                <line number="19" hits="2" branch="False" />
              </lines>
            </method>
          </methods>
          <lines>
            <line number="7" hits="1" branch="False" />
            <line number="8" hits="1" branch="False" />
            <line number="9" hits="1" branch="False" />
            <line number="11" hits="3" branch="False" />
            <line number="12" hits="3" branch="False" />
            <line number="13" hits="3" branch="True" condition-coverage="75% (3/4)">
              <conditions>
                <condition number="10" type="jump" coverage="50%" />
                <condition number="21" type="jump" coverage="100%" />
              </conditions>
            </line>
            <line number="14" hits="1" branch="False" />
            <line number="16" hits="2" branch="False" />
            <line number="17" hits="2" branch="True" condition-coverage="50% (1/2)">
              <conditions>
                <condition number="49" type="jump" coverage="50%" />
              </conditions>
            </line>
            <line number="18" hits="2" branch="True" condition-coverage="50% (1/2)">
              <conditions>
                <condition number="71" type="jump" coverage="50%" />
              </conditions>
            </line>
            <line number="19" hits="2" branch="False" />
          </lines>
        </class>
      </classes>
    </package>
  </packages>
</coverage>